This is pdfTeX, Version 3.14159265-2.6-1.40.21 (MiKTeX 2.9.7300) (preloaded format=pdflatex 2020.10.27)  17 JAN 2021 14:03
entering extended mode
**./Group12_Report.tex
(Group12_Report.tex
LaTeX2e <2020-02-02> patch level 5
L3 programming layer <2020-03-06> (D:\MIKTEX\tex/latex/base\report.cls
Document Class: report 2019/12/20 v1.4l Standard LaTeX document class
(D:\MIKTEX\tex/latex/base\size12.clo
File: size12.clo 2019/12/20 v1.4l Standard LaTeX file (size option)
)
\c@part=\count167
\c@chapter=\count168
\c@section=\count169
\c@subsection=\count170
\c@subsubsection=\count171
\c@paragraph=\count172
\c@subparagraph=\count173
\c@figure=\count174
\c@table=\count175
\abovecaptionskip=\skip47
\belowcaptionskip=\skip48
\bibindent=\dimen134
)
(D:\MIKTEX\tex/latex/geometry\geometry.sty
Package: geometry 2020/01/02 v5.9 Page Geometry

(D:\MIKTEX\tex/latex/graphics\keyval.sty
Package: keyval 2014/10/28 v1.15 key=value parser (DPC)
\KV@toks@=\toks15
)
(D:\MIKTEX\tex/generic/iftex\ifvtex.sty
Package: ifvtex 2019/10/25 v1.7 ifvtex legacy package. Use iftex instead.
 (D:\MIKTEX\tex/generic/iftex\iftex.sty
Package: iftex 2020/03/06 v1.0d TeX engine tests
))
\Gm@cnth=\count176
\Gm@cntv=\count177
\c@Gm@tempcnt=\count178
\Gm@bindingoffset=\dimen135
\Gm@wd@mp=\dimen136
\Gm@odd@mp=\dimen137
\Gm@even@mp=\dimen138
\Gm@layoutwidth=\dimen139
\Gm@layoutheight=\dimen140
\Gm@layouthoffset=\dimen141
\Gm@layoutvoffset=\dimen142
\Gm@dimlist=\toks16
 (D:\MIKTEX\tex/latex/geometry\geometry.cfg))
(D:\MIKTEX\tex/latex/graphics\graphicx.sty
Package: graphicx 2019/11/30 v1.2a Enhanced LaTeX Graphics (DPC,SPQR)

(D:\MIKTEX\tex/latex/graphics\graphics.sty
Package: graphics 2019/11/30 v1.4a Standard LaTeX Graphics (DPC,SPQR)

(D:\MIKTEX\tex/latex/graphics\trig.sty
Package: trig 2016/01/03 v1.10 sin cos tan (DPC)
)
(D:\MIKTEX\tex/latex/graphics-cfg\graphics.cfg
File: graphics.cfg 2016/06/04 v1.11 sample graphics configuration
)
Package graphics Info: Driver file: pdftex.def on input line 105.

(D:\MIKTEX\tex/latex/graphics-def\pdftex.def
File: pdftex.def 2018/01/08 v1.0l Graphics/color driver for pdftex
))
\Gin@req@height=\dimen143
\Gin@req@width=\dimen144
)
(D:\MIKTEX\tex/latex/ragged2e\ragged2e.sty
Package: ragged2e 2019/07/28 v2.2 ragged2e Package (MS)
 (D:\MIKTEX\tex/latex/ms\everysel.sty
Package: everysel 2011/10/28 v1.2 EverySelectfont Package (MS)
)
\CenteringLeftskip=\skip49
\RaggedLeftLeftskip=\skip50
\RaggedRightLeftskip=\skip51
\CenteringRightskip=\skip52
\RaggedLeftRightskip=\skip53
\RaggedRightRightskip=\skip54
\CenteringParfillskip=\skip55
\RaggedLeftParfillskip=\skip56
\RaggedRightParfillskip=\skip57
\JustifyingParfillskip=\skip58
\CenteringParindent=\skip59
\RaggedLeftParindent=\skip60
\RaggedRightParindent=\skip61
\JustifyingParindent=\skip62
) (D:\MIKTEX\tex/latex/hyperref\hyperref.sty
Package: hyperref 2020/01/14 v7.00d Hypertext links for LaTeX

(D:\MIKTEX\tex/generic/ltxcmds\ltxcmds.sty
Package: ltxcmds 2019/12/15 v1.24 LaTeX kernel commands for general use (HO)
)
(D:\MIKTEX\tex/latex/pdftexcmds\pdftexcmds.sty
Package: pdftexcmds 2019/11/24 v0.31 Utility functions of pdfTeX for LuaTeX (HO
)

(D:\MIKTEX\tex/generic/infwarerr\infwarerr.sty
Package: infwarerr 2019/12/03 v1.5 Providing info/warning/error messages (HO)
)
Package pdftexcmds Info: \pdf@primitive is available.
Package pdftexcmds Info: \pdf@ifprimitive is available.
Package pdftexcmds Info: \pdfdraftmode found.
)
(D:\MIKTEX\tex/generic/kvsetkeys\kvsetkeys.sty
Package: kvsetkeys 2019/12/15 v1.18 Key value parser (HO)
)
(D:\MIKTEX\tex/generic/kvdefinekeys\kvdefinekeys.sty
Package: kvdefinekeys 2019-12-19 v1.6 Define keys (HO)
)
(D:\MIKTEX\tex/generic/pdfescape\pdfescape.sty
Package: pdfescape 2019/12/09 v1.15 Implements pdfTeX's escape features (HO)
)
(D:\MIKTEX\tex/latex/hycolor\hycolor.sty
Package: hycolor 2020-01-27 v1.10 Color options for hyperref/bookmark (HO)
)
(D:\MIKTEX\tex/latex/letltxmacro\letltxmacro.sty
Package: letltxmacro 2019/12/03 v1.6 Let assignment for LaTeX macros (HO)
)
(D:\MIKTEX\tex/latex/auxhook\auxhook.sty
Package: auxhook 2019-12-17 v1.6 Hooks for auxiliary files (HO)
)
(D:\MIKTEX\tex/latex/kvoptions\kvoptions.sty
Package: kvoptions 2019/11/29 v3.13 Key value format for package options (HO)
)
\@linkdim=\dimen145
\Hy@linkcounter=\count179
\Hy@pagecounter=\count180

(D:\MIKTEX\tex/latex/hyperref\pd1enc.def
File: pd1enc.def 2020/01/14 v7.00d Hyperref: PDFDocEncoding definition (HO)
Now handling font encoding PD1 ...
... no UTF-8 mapping file for font encoding PD1
)
(D:\MIKTEX\tex/generic/intcalc\intcalc.sty
Package: intcalc 2019/12/15 v1.3 Expandable calculations with integers (HO)
)
(D:\MIKTEX\tex/generic/etexcmds\etexcmds.sty
Package: etexcmds 2019/12/15 v1.7 Avoid name clashes with e-TeX commands (HO)
)
\Hy@SavedSpaceFactor=\count181
Package hyperref Info: Option `bookmarks' set `true' on input line 4421.
Package hyperref Info: Option `colorlinks' set `false' on input line 4421.
Package hyperref Info: Hyper figures OFF on input line 4547.
Package hyperref Info: Link nesting OFF on input line 4552.
Package hyperref Info: Hyper index ON on input line 4555.
Package hyperref Info: Plain pages OFF on input line 4562.
Package hyperref Info: Backreferencing OFF on input line 4567.
Package hyperref Info: Implicit mode ON; LaTeX internals redefined.
Package hyperref Info: Bookmarks ON on input line 4800.
\c@Hy@tempcnt=\count182
 (D:\MIKTEX\tex/latex/url\url.sty
\Urlmuskip=\muskip16
Package: url 2013/09/16  ver 3.4  Verb mode for urls, etc.
)
LaTeX Info: Redefining \url on input line 5159.
\XeTeXLinkMargin=\dimen146
(D:\MIKTEX\tex/generic/bitset\bitset.sty
Package: bitset 2019/12/09 v1.3 Handle bit-vector datatype (HO)

(D:\MIKTEX\tex/generic/bigintcalc\bigintcalc.sty
Package: bigintcalc 2019/12/15 v1.5 Expandable calculations on big integers (HO
)
))
\Fld@menulength=\count183
\Field@Width=\dimen147
\Fld@charsize=\dimen148
Package hyperref Info: Hyper figures OFF on input line 6430.
Package hyperref Info: Link nesting OFF on input line 6435.
Package hyperref Info: Hyper index ON on input line 6438.
Package hyperref Info: backreferencing OFF on input line 6445.
Package hyperref Info: Link coloring OFF on input line 6450.
Package hyperref Info: Link coloring with OCG OFF on input line 6455.
Package hyperref Info: PDF/A mode OFF on input line 6460.
LaTeX Info: Redefining \ref on input line 6500.
LaTeX Info: Redefining \pageref on input line 6504.

(D:\MIKTEX\tex/generic/atbegshi\atbegshi.sty
Package: atbegshi 2019/12/05 v1.19 At begin shipout hook (HO)
)
\Hy@abspage=\count184
\c@Item=\count185
\c@Hfootnote=\count186
)
Package hyperref Info: Driver (autodetected): hpdftex.

(D:\MIKTEX\tex/latex/hyperref\hpdftex.def
File: hpdftex.def 2020/01/14 v7.00d Hyperref driver for pdfTeX

(D:\MIKTEX\tex/latex/atveryend\atveryend.sty
Package: atveryend 2019-12-11 v1.11 Hooks at the very end of document (HO)
Package atveryend Info: \enddocument detected (standard20110627).
)
\Fld@listcount=\count187
\c@bookmark@seq@number=\count188

(D:\MIKTEX\tex/latex/rerunfilecheck\rerunfilecheck.sty
Package: rerunfilecheck 2019/12/05 v1.9 Rerun checks for auxiliary files (HO)

(D:\MIKTEX\tex/generic/uniquecounter\uniquecounter.sty
Package: uniquecounter 2019/12/15 v1.4 Provide unlimited unique counter (HO)
)
Package uniquecounter Info: New unique counter `rerunfilecheck' on input line 2
86.
)
\Hy@SectionHShift=\skip63
)
(D:\MIKTEX\tex/latex/pdfpages\pdfpages.sty
Package: pdfpages 2020/01/28 v0.5q Insert pages of external PDF documents (AM)
 (D:\MIKTEX\tex/latex/base\ifthen.sty
Package: ifthen 2014/09/29 v1.1c Standard LaTeX ifthen package (DPC)
) (D:\MIKTEX\tex/latex/tools\calc.sty
Package: calc 2017/05/25 v4.3 Infix arithmetic (KKT,FJ)
\calc@Acount=\count189
\calc@Bcount=\count190
\calc@Adimen=\dimen149
\calc@Bdimen=\dimen150
\calc@Askip=\skip64
\calc@Bskip=\skip65
LaTeX Info: Redefining \setlength on input line 80.
LaTeX Info: Redefining \addtolength on input line 81.
\calc@Ccount=\count191
\calc@Cskip=\skip66
) (D:\MIKTEX\tex/latex/eso-pic\eso-pic.sty
Package: eso-pic 2018/04/12 v2.0h eso-pic (RN)
(D:\MIKTEX\tex/latex/xcolor\xcolor.sty
Package: xcolor 2016/05/11 v2.12 LaTeX color extensions (UK)

(D:\MIKTEX\tex/latex/graphics-cfg\color.cfg
File: color.cfg 2016/01/02 v1.6 sample color configuration
)
Package xcolor Info: Driver file: pdftex.def on input line 225.
Package xcolor Info: Model `cmy' substituted by `cmy0' on input line 1348.
Package xcolor Info: Model `hsb' substituted by `rgb' on input line 1352.
Package xcolor Info: Model `RGB' extended on input line 1364.
Package xcolor Info: Model `HTML' substituted by `rgb' on input line 1366.
Package xcolor Info: Model `Hsb' substituted by `hsb' on input line 1367.
Package xcolor Info: Model `tHsb' substituted by `hsb' on input line 1368.
Package xcolor Info: Model `HSB' substituted by `hsb' on input line 1369.
Package xcolor Info: Model `Gray' substituted by `gray' on input line 1370.
Package xcolor Info: Model `wave' substituted by `hsb' on input line 1371.
))
\AM@pagewidth=\dimen151
\AM@pageheight=\dimen152

(D:\MIKTEX\tex/latex/pdfpages\pppdftex.def
File: pppdftex.def 2020/01/28 v0.5q Pdfpages driver for pdfTeX (AM)
)
\AM@pagebox=\box45
\AM@global@opts=\toks17
\AM@pagecnt=\count192
\AM@toc@title=\toks18
\c@AM@survey=\count193
\AM@templatesizebox=\box46
)
(D:\MIKTEX\tex/latex/float\float.sty
Package: float 2001/11/08 v1.3d Float enhancements (AL)
\c@float@type=\count194
\float@exts=\toks19
\float@box=\box47
\@float@everytoks=\toks20
\@floatcapt=\box48
) (D:\MIKTEX\tex/latex/pslatex\pslatex.sty
Package: pslatex 1996/07/24 v1.2 pslatex emulation (DPC)
LaTeX Font Info:    Redeclaring symbol font `operators' on input line 65.
LaTeX Font Info:    Overwriting symbol font `operators' in version `normal'
(Font)                  OT1/cmr/m/n --> OT1/ptmcm/m/n on input line 65.
LaTeX Font Info:    Overwriting symbol font `operators' in version `bold'
(Font)                  OT1/cmr/bx/n --> OT1/ptmcm/m/n on input line 65.
LaTeX Font Info:    Redeclaring symbol font `letters' on input line 66.
LaTeX Font Info:    Overwriting symbol font `letters' in version `normal'
(Font)                  OML/cmm/m/it --> OML/ptmcm/m/it on input line 66.
LaTeX Font Info:    Overwriting symbol font `letters' in version `bold'
(Font)                  OML/cmm/b/it --> OML/ptmcm/m/it on input line 66.
LaTeX Font Info:    Redeclaring symbol font `symbols' on input line 67.
LaTeX Font Info:    Overwriting symbol font `symbols' in version `normal'
(Font)                  OMS/cmsy/m/n --> OMS/pzccm/m/n on input line 67.
LaTeX Font Info:    Overwriting symbol font `symbols' in version `bold'
(Font)                  OMS/cmsy/b/n --> OMS/pzccm/m/n on input line 67.
LaTeX Font Info:    Redeclaring symbol font `largesymbols' on input line 68.
LaTeX Font Info:    Overwriting symbol font `largesymbols' in version `normal'
(Font)                  OMX/cmex/m/n --> OMX/psycm/m/n on input line 68.
LaTeX Font Info:    Overwriting symbol font `largesymbols' in version `bold'
(Font)                  OMX/cmex/m/n --> OMX/psycm/m/n on input line 68.
\symbold=\mathgroup4
\symitalic=\mathgroup5
LaTeX Font Info:    Redeclaring math alphabet \mathbf on input line 74.
LaTeX Font Info:    Overwriting math alphabet `\mathbf' in version `normal'
(Font)                  OT1/cmr/bx/n --> OT1/ptm/bx/n on input line 74.
LaTeX Font Info:    Overwriting math alphabet `\mathbf' in version `bold'
(Font)                  OT1/cmr/bx/n --> OT1/ptm/bx/n on input line 74.
LaTeX Font Info:    Redeclaring math alphabet \mathit on input line 75.
LaTeX Font Info:    Overwriting math alphabet `\mathit' in version `normal'
(Font)                  OT1/cmr/m/it --> OT1/ptm/m/it on input line 75.
LaTeX Font Info:    Overwriting math alphabet `\mathit' in version `bold'
(Font)                  OT1/cmr/bx/it --> OT1/ptm/m/it on input line 75.


LaTeX Warning: Font shape declaration has incorrect series value `mc'.
               It should not contain an `m'! Please correct it.
               Found on input line 226.


LaTeX Warning: Font shape declaration has incorrect series value `mc'.
               It should not contain an `m'! Please correct it.
               Found on input line 230.


LaTeX Warning: Font shape declaration has incorrect series value `mc'.
               It should not contain an `m'! Please correct it.
               Found on input line 234.


LaTeX Warning: Font shape declaration has incorrect series value `mc'.
               It should not contain an `m'! Please correct it.
               Found on input line 243.


LaTeX Warning: Font shape declaration has incorrect series value `mc'.
               It should not contain an `m'! Please correct it.
               Found on input line 384.


LaTeX Warning: Font shape declaration has incorrect series value `mc'.
               It should not contain an `m'! Please correct it.
               Found on input line 388.


LaTeX Warning: Font shape declaration has incorrect series value `mc'.
               It should not contain an `m'! Please correct it.
               Found on input line 392.


LaTeX Warning: Font shape declaration has incorrect series value `mc'.
               It should not contain an `m'! Please correct it.
               Found on input line 401.

) (D:\MIKTEX\tex/latex/tools\array.sty
Package: array 2019/08/31 v2.4l Tabular extension package (FMi)
\col@sep=\dimen153
\ar@mcellbox=\box49
\extrarowheight=\dimen154
\NC@list=\toks21
\extratabsurround=\skip67
\backup@length=\skip68
\ar@cellbox=\box50
)
(D:\MIKTEX\tex/latex/setspace\setspace.sty
Package: setspace 2011/12/19 v6.7a set line spacing
)
(D:\MIKTEX\tex/latex/tools\enumerate.sty
Package: enumerate 2015/07/23 v3.00 enumerate extensions (DPC)
\@enLab=\toks22
)
(D:\MIKTEX\tex/latex/tools\longtable.sty
Package: longtable 2020/01/07 v4.13 Multi-page Table package (DPC)
\LTleft=\skip69
\LTright=\skip70
\LTpre=\skip71
\LTpost=\skip72
\LTchunksize=\count195
\LTcapwidth=\dimen155
\LT@head=\box51
\LT@firsthead=\box52
\LT@foot=\box53
\LT@lastfoot=\box54
\LT@cols=\count196
\LT@rows=\count197
\c@LT@tables=\count198
\c@LT@chunks=\count199
\LT@p@ftn=\toks23
)
(D:\MIKTEX\tex/latex/caption\caption.sty
Package: caption 2020/10/26 v3.5g Customizing captions (AR)

(D:\MIKTEX\tex/latex/caption\caption3.sty
Package: caption3 2020/10/21 v2.2e caption3 kernel (AR)
\captionmargin=\dimen156
\captionmargin@=\dimen157
\captionwidth=\dimen158
\caption@tempdima=\dimen159
\caption@indent=\dimen160
\caption@parindent=\dimen161
\caption@hangindent=\dimen162
Package caption Info: Standard document class detected.
)
\c@caption@flags=\count266
\c@continuedfloat=\count267
Package caption Info: float package is loaded.
Package caption Info: hyperref package is loaded.
Package caption Info: longtable package is loaded.

(D:\MIKTEX\tex/latex/caption\ltcaption.sty
Package: ltcaption 2020/05/30 v1.4b longtable captions (AR)
))
(D:\MIKTEX\tex/latex/siunitx\siunitx.sty
(D:\MIKTEX\tex/latex/l3kernel\expl3.sty
Package: expl3 2020-03-06 L3 programming layer (loader) 

(D:\MIKTEX\tex/latex/l3backend\l3backend-pdfmode.def
File: l3backend-pdfmode.def 2020-03-12 L3 backend support: PDF mode
\l__kernel_color_stack_int=\count268
\l__pdf_internal_box=\box55
))
(D:\MIKTEX\tex/latex/l3packages/xparse\xparse.sty
Package: xparse 2020-03-06 L3 Experimental document command parser
\l__xparse_current_arg_int=\count269
\g__xparse_grabber_int=\count270
\l__xparse_m_args_int=\count271
\l__xparse_v_nesting_int=\count272
)
Package: siunitx 2020/02/25 v2.8b A comprehensive (SI) units package

(D:\MIKTEX\tex/latex/amsmath\amstext.sty
Package: amstext 2000/06/29 v2.01 AMS text

(D:\MIKTEX\tex/latex/amsmath\amsgen.sty
File: amsgen.sty 1999/11/30 v2.0 generic functions
\@emptytoks=\toks24
\ex@=\dimen163
))
(D:\MIKTEX\tex/latex/l3packages/l3keys2e\l3keys2e.sty
Package: l3keys2e 2020-03-06 LaTeX2e option processing using LaTeX3 keys
)
\l__siunitx_tmp_box=\box56
\l__siunitx_tmp_dim=\dimen164
\l__siunitx_tmp_int=\count273
\l__siunitx_number_mantissa_length_int=\count274
\l__siunitx_number_uncert_length_int=\count275
\l__siunitx_round_int=\count276
\l__siunitx_process_decimal_int=\count277
\l__siunitx_process_uncertainty_int=\count278
\l__siunitx_process_fixed_int=\count279
\l__siunitx_process_integer_min_int=\count280
\l__siunitx_process_precision_int=\count281
\l__siunitx_group_min_int=\count282
\l__siunitx_angle_marker_box=\box57
\l__siunitx_angle_unit_box=\box58
\l__siunitx_angle_marker_dim=\dimen165
\l__siunitx_angle_unit_dim=\dimen166
\l__siunitx_unit_int=\count283
\l__siunitx_unit_denominator_int=\count284
\l__siunitx_unit_numerator_int=\count285
\l__siunitx_unit_prefix_int=\count286
\l__siunitx_unit_prefix_base_int=\count287
\l__siunitx_unit_prefix_gram_int=\count288
\l__siunitx_number_product_int=\count289
\c__siunitx_one_fill_skip=\skip73
\l__siunitx_table_unit_align_skip=\skip74
\l__siunitx_table_exponent_dim=\dimen167
\l__siunitx_table_integer_dim=\dimen168
\l__siunitx_table_mantissa_dim=\dimen169
\l__siunitx_table_marker_dim=\dimen170
\l__siunitx_table_result_dim=\dimen171
\l__siunitx_table_uncert_dim=\dimen172
\l__siunitx_table_fill_pre_dim=\dimen173
\l__siunitx_table_fill_post_dim=\dimen174
\l__siunitx_table_fill_mid_dim=\dimen175
\l__siunitx_table_pre_box=\box59
\l__siunitx_table_post_box=\box60
\l__siunitx_table_mantissa_box=\box61
\l__siunitx_table_result_box=\box62
\l__siunitx_table_number_align_skip=\skip75
\l__siunitx_table_text_align_skip=\skip76

(D:\MIKTEX\tex/latex/translator\translator.sty
Package: translator 2020-08-03 v1.12c Easy translation of strings in LaTeX
))
(D:\MIKTEX\tex/latex/listings\listings.sty
\lst@mode=\count290
\lst@gtempboxa=\box63
\lst@token=\toks25
\lst@length=\count291
\lst@currlwidth=\dimen176
\lst@column=\count292
\lst@pos=\count293
\lst@lostspace=\dimen177
\lst@width=\dimen178
\lst@newlines=\count294
\lst@lineno=\count295
\lst@maxwidth=\dimen179

(D:\MIKTEX\tex/latex/listings\lstmisc.sty
File: lstmisc.sty 2020/03/24 1.8d (Carsten Heinz)
\c@lstnumber=\count296
\lst@skipnumbers=\count297
\lst@framebox=\box64
)
(D:\MIKTEX\tex/latex/listings\listings.cfg
File: listings.cfg 2020/03/24 1.8d listings configuration
))
Package: listings 2020/03/24 1.8d (Carsten Heinz)

(D:\MIKTEX\tex/latex/listings\lstlang1.sty
File: lstlang1.sty 2020/03/24 1.8d listings language file
)
(D:\MIKTEX\tex/latex/fancyhdr\fancyhdr.sty
Package: fancyhdr 2019/01/31 v3.10 Extensive control of page headers and footer
s
\f@nch@headwidth=\skip77
\f@nch@O@elh=\skip78
\f@nch@O@erh=\skip79
\f@nch@O@olh=\skip80
\f@nch@O@orh=\skip81
\f@nch@O@elf=\skip82
\f@nch@O@erf=\skip83
\f@nch@O@olf=\skip84
\f@nch@O@orf=\skip85
)

Package Fancyhdr Warning: \fancyfoot's `E' option without twoside option is use
less on input line 73.


Package Fancyhdr Warning: \fancyfoot's `E' option without twoside option is use
less on input line 75.

(D:\MIKTEX\tex/latex/pgf/basiclayer\pgf.sty
(D:\MIKTEX\tex/latex/pgf/utilities\pgfrcs.sty
(D:\MIKTEX\tex/generic/pgf/utilities\pgfutil-common.tex
\pgfutil@everybye=\toks26
\pgfutil@tempdima=\dimen180
\pgfutil@tempdimb=\dimen181

(D:\MIKTEX\tex/generic/pgf/utilities\pgfutil-common-lists.tex))
(D:\MIKTEX\tex/generic/pgf/utilities\pgfutil-latex.def
\pgfutil@abb=\box65

(D:\MIKTEX\tex/latex/ms\everyshi.sty
Package: everyshi 2001/05/15 v3.00 EveryShipout Package (MS)
))
(D:\MIKTEX\tex/generic/pgf/utilities\pgfrcs.code.tex
(D:\MIKTEX\tex/generic/pgf\pgf.revision.tex)
Package: pgfrcs 2020/01/08 v3.1.5b (3.1.5b)
))
Package: pgf 2020/01/08 v3.1.5b (3.1.5b)

(D:\MIKTEX\tex/latex/pgf/basiclayer\pgfcore.sty
(D:\MIKTEX\tex/latex/pgf/systemlayer\pgfsys.sty
(D:\MIKTEX\tex/generic/pgf/systemlayer\pgfsys.code.tex
Package: pgfsys 2020/01/08 v3.1.5b (3.1.5b)

(D:\MIKTEX\tex/generic/pgf/utilities\pgfkeys.code.tex
\pgfkeys@pathtoks=\toks27
\pgfkeys@temptoks=\toks28

(D:\MIKTEX\tex/generic/pgf/utilities\pgfkeysfiltered.code.tex
\pgfkeys@tmptoks=\toks29
))
\pgf@x=\dimen182
\pgf@y=\dimen183
\pgf@xa=\dimen184
\pgf@ya=\dimen185
\pgf@xb=\dimen186
\pgf@yb=\dimen187
\pgf@xc=\dimen188
\pgf@yc=\dimen189
\pgf@xd=\dimen190
\pgf@yd=\dimen191
\w@pgf@writea=\write3
\r@pgf@reada=\read2
\c@pgf@counta=\count298
\c@pgf@countb=\count299
\c@pgf@countc=\count300
\c@pgf@countd=\count301
\t@pgf@toka=\toks30
\t@pgf@tokb=\toks31
\t@pgf@tokc=\toks32
\pgf@sys@id@count=\count302

(D:\MIKTEX\tex/generic/pgf/systemlayer\pgf.cfg
File: pgf.cfg 2020/01/08 v3.1.5b (3.1.5b)
)
Driver file for pgf: pgfsys-pdftex.def

(D:\MIKTEX\tex/generic/pgf/systemlayer\pgfsys-pdftex.def
File: pgfsys-pdftex.def 2020/01/08 v3.1.5b (3.1.5b)

(D:\MIKTEX\tex/generic/pgf/systemlayer\pgfsys-common-pdf.def
File: pgfsys-common-pdf.def 2020/01/08 v3.1.5b (3.1.5b)
)))
(D:\MIKTEX\tex/generic/pgf/systemlayer\pgfsyssoftpath.code.tex
File: pgfsyssoftpath.code.tex 2020/01/08 v3.1.5b (3.1.5b)
\pgfsyssoftpath@smallbuffer@items=\count303
\pgfsyssoftpath@bigbuffer@items=\count304
)
(D:\MIKTEX\tex/generic/pgf/systemlayer\pgfsysprotocol.code.tex
File: pgfsysprotocol.code.tex 2020/01/08 v3.1.5b (3.1.5b)
))
(D:\MIKTEX\tex/generic/pgf/basiclayer\pgfcore.code.tex
Package: pgfcore 2020/01/08 v3.1.5b (3.1.5b)

(D:\MIKTEX\tex/generic/pgf/math\pgfmath.code.tex
(D:\MIKTEX\tex/generic/pgf/math\pgfmathcalc.code.tex
(D:\MIKTEX\tex/generic/pgf/math\pgfmathutil.code.tex)
(D:\MIKTEX\tex/generic/pgf/math\pgfmathparser.code.tex
\pgfmath@dimen=\dimen192
\pgfmath@count=\count305
\pgfmath@box=\box66
\pgfmath@toks=\toks33
\pgfmath@stack@operand=\toks34
\pgfmath@stack@operation=\toks35
)
(D:\MIKTEX\tex/generic/pgf/math\pgfmathfunctions.code.tex
(D:\MIKTEX\tex/generic/pgf/math\pgfmathfunctions.basic.code.tex)
(D:\MIKTEX\tex/generic/pgf/math\pgfmathfunctions.trigonometric.code.tex)
(D:\MIKTEX\tex/generic/pgf/math\pgfmathfunctions.random.code.tex)
(D:\MIKTEX\tex/generic/pgf/math\pgfmathfunctions.comparison.code.tex)
(D:\MIKTEX\tex/generic/pgf/math\pgfmathfunctions.base.code.tex)
(D:\MIKTEX\tex/generic/pgf/math\pgfmathfunctions.round.code.tex)
(D:\MIKTEX\tex/generic/pgf/math\pgfmathfunctions.misc.code.tex)
(D:\MIKTEX\tex/generic/pgf/math\pgfmathfunctions.integerarithmetics.code.tex)))
(D:\MIKTEX\tex/generic/pgf/math\pgfmathfloat.code.tex
\c@pgfmathroundto@lastzeros=\count306
))
(D:\MIKTEX\tex/generic/pgf/math\pgfint.code.tex)
(D:\MIKTEX\tex/generic/pgf/basiclayer\pgfcorepoints.code.tex
File: pgfcorepoints.code.tex 2020/01/08 v3.1.5b (3.1.5b)
\pgf@picminx=\dimen193
\pgf@picmaxx=\dimen194
\pgf@picminy=\dimen195
\pgf@picmaxy=\dimen196
\pgf@pathminx=\dimen197
\pgf@pathmaxx=\dimen198
\pgf@pathminy=\dimen199
\pgf@pathmaxy=\dimen256
\pgf@xx=\dimen257
\pgf@xy=\dimen258
\pgf@yx=\dimen259
\pgf@yy=\dimen260
\pgf@zx=\dimen261
\pgf@zy=\dimen262
)
(D:\MIKTEX\tex/generic/pgf/basiclayer\pgfcorepathconstruct.code.tex
File: pgfcorepathconstruct.code.tex 2020/01/08 v3.1.5b (3.1.5b)
\pgf@path@lastx=\dimen263
\pgf@path@lasty=\dimen264
)
(D:\MIKTEX\tex/generic/pgf/basiclayer\pgfcorepathusage.code.tex
File: pgfcorepathusage.code.tex 2020/01/08 v3.1.5b (3.1.5b)
\pgf@shorten@end@additional=\dimen265
\pgf@shorten@start@additional=\dimen266
)
(D:\MIKTEX\tex/generic/pgf/basiclayer\pgfcorescopes.code.tex
File: pgfcorescopes.code.tex 2020/01/08 v3.1.5b (3.1.5b)
\pgfpic=\box67
\pgf@hbox=\box68
\pgf@layerbox@main=\box69
\pgf@picture@serial@count=\count307
)
(D:\MIKTEX\tex/generic/pgf/basiclayer\pgfcoregraphicstate.code.tex
File: pgfcoregraphicstate.code.tex 2020/01/08 v3.1.5b (3.1.5b)
\pgflinewidth=\dimen267
)
(D:\MIKTEX\tex/generic/pgf/basiclayer\pgfcoretransformations.code.tex
File: pgfcoretransformations.code.tex 2020/01/08 v3.1.5b (3.1.5b)
\pgf@pt@x=\dimen268
\pgf@pt@y=\dimen269
\pgf@pt@temp=\dimen270
)
(D:\MIKTEX\tex/generic/pgf/basiclayer\pgfcorequick.code.tex
File: pgfcorequick.code.tex 2020/01/08 v3.1.5b (3.1.5b)
)
(D:\MIKTEX\tex/generic/pgf/basiclayer\pgfcoreobjects.code.tex
File: pgfcoreobjects.code.tex 2020/01/08 v3.1.5b (3.1.5b)
)
(D:\MIKTEX\tex/generic/pgf/basiclayer\pgfcorepathprocessing.code.tex
File: pgfcorepathprocessing.code.tex 2020/01/08 v3.1.5b (3.1.5b)
)
(D:\MIKTEX\tex/generic/pgf/basiclayer\pgfcorearrows.code.tex
File: pgfcorearrows.code.tex 2020/01/08 v3.1.5b (3.1.5b)
\pgfarrowsep=\dimen271
)
(D:\MIKTEX\tex/generic/pgf/basiclayer\pgfcoreshade.code.tex
File: pgfcoreshade.code.tex 2020/01/08 v3.1.5b (3.1.5b)
\pgf@max=\dimen272
\pgf@sys@shading@range@num=\count308
\pgf@shadingcount=\count309
)
(D:\MIKTEX\tex/generic/pgf/basiclayer\pgfcoreimage.code.tex
File: pgfcoreimage.code.tex 2020/01/08 v3.1.5b (3.1.5b)

(D:\MIKTEX\tex/generic/pgf/basiclayer\pgfcoreexternal.code.tex
File: pgfcoreexternal.code.tex 2020/01/08 v3.1.5b (3.1.5b)
\pgfexternal@startupbox=\box70
))
(D:\MIKTEX\tex/generic/pgf/basiclayer\pgfcorelayers.code.tex
File: pgfcorelayers.code.tex 2020/01/08 v3.1.5b (3.1.5b)
)
(D:\MIKTEX\tex/generic/pgf/basiclayer\pgfcoretransparency.code.tex
File: pgfcoretransparency.code.tex 2020/01/08 v3.1.5b (3.1.5b)
)
(D:\MIKTEX\tex/generic/pgf/basiclayer\pgfcorepatterns.code.tex
File: pgfcorepatterns.code.tex 2020/01/08 v3.1.5b (3.1.5b)
)
(D:\MIKTEX\tex/generic/pgf/basiclayer\pgfcorerdf.code.tex
File: pgfcorerdf.code.tex 2020/01/08 v3.1.5b (3.1.5b)
)))
(D:\MIKTEX\tex/generic/pgf/modules\pgfmoduleshapes.code.tex
File: pgfmoduleshapes.code.tex 2020/01/08 v3.1.5b (3.1.5b)
\pgfnodeparttextbox=\box71
)
(D:\MIKTEX\tex/generic/pgf/modules\pgfmoduleplot.code.tex
File: pgfmoduleplot.code.tex 2020/01/08 v3.1.5b (3.1.5b)
)
(D:\MIKTEX\tex/latex/pgf/compatibility\pgfcomp-version-0-65.sty
Package: pgfcomp-version-0-65 2020/01/08 v3.1.5b (3.1.5b)
\pgf@nodesepstart=\dimen273
\pgf@nodesepend=\dimen274
)
(D:\MIKTEX\tex/latex/pgf/compatibility\pgfcomp-version-1-18.sty
Package: pgfcomp-version-1-18 2020/01/08 v3.1.5b (3.1.5b)
))
(D:\MIKTEX\tex/latex/pgf/utilities\pgfpages.sty
Package: pgfpages 2011/01/05 ver 0.02
\pgf@logicalpages=\count310
\pgf@firstshipout=\count311
\pgf@lastshipout=\count312
\pgf@currentshipout=\count313
\pgf@cpn=\count314
\pgf@shipoutnextto=\count315
\pgfphysicalheight=\dimen275
\pgfphysicalwidth=\dimen276
\pgfpages@shipoutbox=\box72
)
\pgfpages@box@1=\box73
 (Group12_Report.aux

LaTeX Warning: Label `fig:vtulogo' multiply defined.


LaTeX Warning: Label `fig:pesitbsclogo' multiply defined.


LaTeX Warning: Label `random' multiply defined.


LaTeX Warning: Label `random' multiply defined.


LaTeX Warning: Label `random' multiply defined.


LaTeX Warning: Label `random' multiply defined.


LaTeX Warning: Label `random' multiply defined.


LaTeX Warning: Label `random' multiply defined.


LaTeX Warning: Label `YouTube' multiply defined.


LaTeX Warning: Label `YouTube' multiply defined.


LaTeX Warning: Label `YouTube' multiply defined.


LaTeX Warning: Label `YouTube' multiply defined.


LaTeX Warning: Label `YouTube' multiply defined.


LaTeX Warning: Label `YouTube' multiply defined.


LaTeX Warning: Label `YouTube' multiply defined.


LaTeX Warning: Label `YouTube' multiply defined.


LaTeX Warning: Label `YouTube' multiply defined.


LaTeX Warning: Label `YouTube' multiply defined.


LaTeX Warning: Label `YouTube' multiply defined.

)
\openout1 = `Group12_Report.aux'.

LaTeX Font Info:    Checking defaults for OML/cmm/m/it on input line 105.
LaTeX Font Info:    ... okay on input line 105.
LaTeX Font Info:    Checking defaults for OMS/pzccm/m/n on input line 105.
LaTeX Font Info:    Trying to load font information for OMS+pzccm on input line
 105.
 (D:\MIKTEX\tex/latex/psnfss\omspzccm.fd
File: omspzccm.fd 2000/01/03 Fontinst v1.801 font definitions for OMS/pzccm.
)
LaTeX Font Info:    ... okay on input line 105.
LaTeX Font Info:    Checking defaults for OT1/cmr/m/n on input line 105.
LaTeX Font Info:    ... okay on input line 105.
LaTeX Font Info:    Checking defaults for T1/cmr/m/n on input line 105.
LaTeX Font Info:    ... okay on input line 105.
LaTeX Font Info:    Checking defaults for TS1/cmr/m/n on input line 105.
LaTeX Font Info:    ... okay on input line 105.
LaTeX Font Info:    Checking defaults for OMX/cmex/m/n on input line 105.
LaTeX Font Info:    ... okay on input line 105.
LaTeX Font Info:    Checking defaults for U/cmr/m/n on input line 105.
LaTeX Font Info:    ... okay on input line 105.
LaTeX Font Info:    Checking defaults for PD1/pdf/m/n on input line 105.
LaTeX Font Info:    ... okay on input line 105.

*geometry* driver: auto-detecting
*geometry* detected driver: pdftex
*geometry* verbose mode - [ preamble ] result:
* driver: pdftex
* paper: a4paper
* layout: <same size as paper>
* layoutoffset:(h,v)=(0.0pt,0.0pt)
* modes: 
* h-part:(L,W,R)=(57.81621pt, 481.87546pt, 57.81621pt)
* v-part:(T,H,B)=(50.58878pt, 743.8693pt, 50.58878pt)
* \paperwidth=597.50787pt
* \paperheight=845.04684pt
* \textwidth=481.87546pt
* \textheight=743.8693pt
* \oddsidemargin=-14.45378pt
* \evensidemargin=-14.45378pt
* \topmargin=-58.68121pt
* \headheight=12.0pt
* \headsep=25.0pt
* \topskip=12.0pt
* \footskip=30.0pt
* \marginparwidth=35.0pt
* \marginparsep=10.0pt
* \columnsep=10.0pt
* \skip\footins=10.8pt plus 4.0pt minus 2.0pt
* \hoffset=0.0pt
* \voffset=0.0pt
* \mag=1000
* \@twocolumnfalse
* \@twosidefalse
* \@mparswitchfalse
* \@reversemarginfalse
* (1in=72.27pt=25.4mm, 1cm=28.453pt)

(D:\MIKTEX\tex/context/base/mkii\supp-pdf.mkii
[Loading MPS to PDF converter (version 2006.09.02).]
\scratchcounter=\count316
\scratchdimen=\dimen277
\scratchbox=\box74
\nofMPsegments=\count317
\nofMParguments=\count318
\everyMPshowfont=\toks36
\MPscratchCnt=\count319
\MPscratchDim=\dimen278
\MPnumerator=\count320
\makeMPintoPDFobject=\count321
\everyMPtoPDFconversion=\toks37
) (D:\MIKTEX\tex/latex/epstopdf-pkg\epstopdf-base.sty
Package: epstopdf-base 2020-01-24 v2.11 Base part for package epstopdf
Package epstopdf-base Info: Redefining graphics rule for `.eps' on input line 4
85.
)
ABD: EverySelectfont initializing macros
LaTeX Info: Redefining \selectfont on input line 105.
\AtBeginShipoutBox=\box75
Package hyperref Info: Link coloring OFF on input line 105.

(D:\MIKTEX\tex/latex/hyperref\nameref.sty
Package: nameref 2019/09/16 v2.46 Cross-referencing by name of section

(D:\MIKTEX\tex/latex/refcount\refcount.sty
Package: refcount 2019/12/15 v3.6 Data extraction from label references (HO)
)
(D:\MIKTEX\tex/generic/gettitlestring\gettitlestring.sty
Package: gettitlestring 2019/12/15 v1.6 Cleanup title references (HO)
)
\c@section@level=\count322
)
LaTeX Info: Redefining \ref on input line 105.
LaTeX Info: Redefining \pageref on input line 105.
LaTeX Info: Redefining \nameref on input line 105.
 (Group12_Report.out) (Group12_Report.out)
\@outlinefile=\write4
\openout4 = `Group12_Report.out'.

 (D:\MIKTEX\tex/latex/pdflscape\pdflscape.sty
Package: pdflscape 2019/12/05 v0.12 Display of landscape pages in PDF (HO)

(D:\MIKTEX\tex/latex/graphics\lscape.sty
Package: lscape 2000/10/22 v3.01 Landscape Pages (DPC)
)
Package pdflscape Info: Auto-detected driver: pdftex on input line 81.
)
Package caption Info: Begin \AtBeginDocument code.
Package caption Info: listings package is loaded.
Package caption Info: End \AtBeginDocument code.

(D:\MIKTEX\tex/latex/translator\translator-basic-dictionary-English.dict
Dictionary: translator-basic-dictionary, Language: English 
)
(D:\MIKTEX\tex/latex/siunitx\siunitx-abbreviations.cfg
File: siunitx-abbreviations.cfg 2017/11/26 v2.7k siunitx: Abbreviated units
)
\c@lstlisting=\count323

ABD: EveryShipout initializing macros
LaTeX Font Info:    Trying to load font information for OT1+ptmcm on input line
 105.
 (D:\MIKTEX\tex/latex/psnfss\ot1ptmcm.fd
File: ot1ptmcm.fd 2000/01/03 Fontinst v1.801 font definitions for OT1/ptmcm.
)
LaTeX Font Info:    Trying to load font information for OML+ptmcm on input line
 105.

(D:\MIKTEX\tex/latex/psnfss\omlptmcm.fd
File: omlptmcm.fd 2000/01/03 Fontinst v1.801 font definitions for OML/ptmcm.
)
LaTeX Font Info:    Trying to load font information for OMX+psycm on input line
 105.

(D:\MIKTEX\tex/latex/psnfss\omxpsycm.fd
File: omxpsycm.fd 2000/01/03 Fontinst v1.801 font definitions for OMX/psycm.
)
LaTeX Font Info:    Font shape `OT1/ptm/bx/n' in size <12> not available
(Font)              Font shape `OT1/ptm/b/n' tried instead on input line 105.
LaTeX Font Info:    Font shape `OT1/ptm/bx/n' in size <9> not available
(Font)              Font shape `OT1/ptm/b/n' tried instead on input line 105.
LaTeX Font Info:    Font shape `OT1/ptm/bx/n' in size <7> not available
(Font)              Font shape `OT1/ptm/b/n' tried instead on input line 105.
 (project/cover.tex
<project/images/vtu_new_logo.jpg, id=178, 94.85437pt x 105.39375pt>
File: project/images/vtu_new_logo.jpg Graphic file (type jpg)
<use project/images/vtu_new_logo.jpg>
Package pdftex.def Info: project/images/vtu_new_logo.jpg  used on input line 7.

(pdftex.def)             Requested size: 56.91304pt x 63.23672pt.
LaTeX Font Info:    Font shape `OT1/ptm/bx/n' in size <17.28> not available
(Font)              Font shape `OT1/ptm/b/n' tried instead on input line 18.
LaTeX Font Info:    Font shape `OT1/ptm/bx/n' in size <10> not available
(Font)              Font shape `OT1/ptm/b/n' tried instead on input line 18.
<project/images/pesitbsc_logo.jpg, id=179, 116.68594pt x 95.6072pt>
File: project/images/pesitbsc_logo.jpg Graphic file (type jpg)
<use project/images/pesitbsc_logo.jpg>
Package pdftex.def Info: project/images/pesitbsc_logo.jpg  used on input line 2
8.
(pdftex.def)             Requested size: 93.34886pt x 76.48584pt.
) (project/title.tex
File: project/images/vtu_new_logo.jpg Graphic file (type jpg)
<use project/images/vtu_new_logo.jpg>
Package pdftex.def Info: project/images/vtu_new_logo.jpg  used on input line 9.

(pdftex.def)             Requested size: 56.91304pt x 63.23672pt.
File: project/images/pesitbsc_logo.jpg Graphic file (type jpg)
<use project/images/pesitbsc_logo.jpg>
Package pdftex.def Info: project/images/pesitbsc_logo.jpg  used on input line 3
0.
(pdftex.def)             Requested size: 93.34886pt x 76.48584pt.
[2

{C:/Users/HOME/AppData/Local/MiKTeX/2.9/pdftex/config/pdftex.map} <./project/im
ages/vtu_new_logo.jpg> <./project/images/pesitbsc_logo.jpg>])
(project/certificate.tex
File: project/images/pesitbsc_logo.jpg Graphic file (type jpg)
<use project/images/pesitbsc_logo.jpg>
Package pdftex.def Info: project/images/pesitbsc_logo.jpg  used on input line 8
.
(pdftex.def)             Requested size: 116.68564pt x 95.60695pt.

Underfull \hbox (badness 10000) in paragraph at lines 19--20

 []


Underfull \hbox (badness 10000) in paragraph at lines 21--23

 []


Underfull \hbox (badness 10000) in paragraph at lines 24--26

 []


Underfull \hbox (badness 10000) in paragraph at lines 27--31

 []

) [3] (project/acknowledgements.tex
Underfull \hbox (badness 10000) in paragraph at lines 7--9

 []


Underfull \hbox (badness 10000) in paragraph at lines 10--12

 []


Underfull \hbox (badness 10000) in paragraph at lines 13--15

 []

) [4] (project/abstract.tex
Underfull \hbox (badness 10000) in paragraph at lines 7--9

 []

)
Underfull \hbox (badness 10000) in paragraph at lines 10--127

 []

[5] (Group12_Report.toc
LaTeX Font Info:    Font shape `OT1/ptm/bx/n' in size <14.4> not available
(Font)              Font shape `OT1/ptm/b/n' tried instead on input line 4.
LaTeX Font Info:    Font shape `OT1/ptm/bx/n' in size <10.95> not available
(Font)              Font shape `OT1/ptm/b/n' tried instead on input line 4.
LaTeX Font Info:    Font shape `OT1/ptm/bx/n' in size <8> not available
(Font)              Font shape `OT1/ptm/b/n' tried instead on input line 4.
 [1])
\tf@toc=\write5
\openout5 = `Group12_Report.toc'.

 [2

] (Group12_Report.lof)
\tf@lof=\write6
\openout6 = `Group12_Report.lof'.

 [3]
(project/introduction.tex
Chapter 1.

Underfull \hbox (badness 10000) in paragraph at lines 5--7

 []


Underfull \hbox (badness 10000) in paragraph at lines 8--10

 []


Underfull \hbox (badness 10000) in paragraph at lines 13--15

 []


Package Fancyhdr Warning: \headheight is too small (12.0pt): 
Make it at least 14.49998pt.
We now make it that large for the rest of the document.
This may cause the page layout to be inconsistent, however.

pdfTeX warning (ext4): destination with the same identifier (name{page.1}) has 
been already used, duplicate ignored
<to be read again> 
                   \relax 
l.15 
      [1

]
Underfull \hbox (badness 10000) in paragraph at lines 16--18

 []


Underfull \hbox (badness 10000) in paragraph at lines 19--21

 []

) (project/literature-survey.texpdfTeX warning (ext4): destination with the sam
e identifier (name{page.2}) has been already used, duplicate ignored
<to be read again> 
                   \relax 
l.1 \chapter
            {Literature Survey} [2


]
Chapter 2.

Underfull \hbox (badness 10000) in paragraph at lines 3--5

 []


Underfull \hbox (badness 10000) in paragraph at lines 6--8

 []


Overfull \hbox (7.44357pt too wide) in paragraph at lines 9--10
[]\OT1/ptm/m/n/14.4 We re-ferred to var-i-ous IEEE pa-pers for sim-i-lar projec
ts and took in-spi-ra-tion.After
 []


Underfull \hbox (badness 10000) in paragraph at lines 12--17

 []


Underfull \hbox (badness 10000) in paragraph at lines 18--21

 []

pdfTeX warning (ext4): destination with the same identifier (name{page.3}) has 
been already used, duplicate ignored
<to be read again> 
                   \relax 
l.21 
      [3]
Underfull \hbox (badness 10000) in paragraph at lines 22--24

 []


Underfull \hbox (badness 10000) in paragraph at lines 28--30

 []

pdfTeX warning (ext4): destination with the same identifier (name{page.4}) has 
been already used, duplicate ignored
<to be read again> 
                   \relax 
l.37  \item T
             he Raspberry pi has 40 GPIO headers out of which 4 are availabl...
[4

]pdfTeX warning (ext4): destination with the same identifier (name{page.5}) has
 been already used, duplicate ignored
<to be read again> 
                   \relax 
l.48 \newpage
              [5]) (project/srs.tex
Chapter 3.
LaTeX Font Info:    Trying to load font information for TS1+ptm on input line 1
3.
(D:\MIKTEX\tex/latex/psnfss\ts1ptm.fd
File: ts1ptm.fd 2001/06/04 font definitions for TS1/ptm.
) [6]
<project/images/rpi.jpg, id=334, 602.25pt x 401.5pt>
File: project/images/rpi.jpg Graphic file (type jpg)
<use project/images/rpi.jpg>
Package pdftex.def Info: project/images/rpi.jpg  used on input line 28.
(pdftex.def)             Requested size: 301.12425pt x 200.7495pt.
<project/images/rpipin.png, id=335, 331.2375pt x 426.09187pt>
File: project/images/rpipin.png Graphic file (type png)
<use project/images/rpipin.png>
Package pdftex.def Info: project/images/rpipin.png  used on input line 30.
(pdftex.def)             Requested size: 165.61833pt x 213.04541pt.
<project/images/rpicam.jpg, id=336, 602.25pt x 401.5pt>
File: project/images/rpicam.jpg Graphic file (type jpg)
<use project/images/rpicam.jpg>
Package pdftex.def Info: project/images/rpicam.jpg  used on input line 37.
(pdftex.def)             Requested size: 192.72392pt x 128.48262pt.

Overfull \hbox (12.3866pt too wide) in paragraph at lines 34--40
\OT1/ptm/m/n/14.4 Foundation. The orig-i-nal 5-megapixel model was re-leased in
 2013, and an 8-megapixel
 []

[7

]
<project/images/bomotor.jpg, id=354, 1003.75pt x 1003.75pt>
File: project/images/bomotor.jpg Graphic file (type jpg)
<use project/images/bomotor.jpg>
Package pdftex.def Info: project/images/bomotor.jpg  used on input line 51.
(pdftex.def)             Requested size: 110.41284pt x 110.41284pt.
 [8 <./project/images/rpi.jpg> <./project/images/rpipin.png>]
<project/images/L298N.jpg, id=366, 752.8125pt x 501.875pt>
File: project/images/L298N.jpg Graphic file (type jpg)
<use project/images/L298N.jpg>
Package pdftex.def Info: project/images/L298N.jpg  used on input line 71.
(pdftex.def)             Requested size: 301.11966pt x 200.74643pt.
<project/images/lipo.png, id=367, 803.0pt x 803.0pt>
File: project/images/lipo.png Graphic file (type png)
<use project/images/lipo.png>
Package pdftex.def Info: project/images/lipo.png  used on input line 78.
(pdftex.def)             Requested size: 200.74951pt x 200.74951pt.

Overfull \hbox (12.28328pt too wide) in paragraph at lines 75--81
\OT1/ptm/m/n/14.4 A lithium poly-mer bat-tery, or more cor-rectly lithium-ion p
oly-mer bat-tery, is a recharge-
 []

[9 <./project/images/rpicam.jpg> <./project/images/bomotor.jpg>]

LaTeX Warning: The counter will not be printed.
             The label is: \space  on input line 82.

<project/images/router.jpg, id=377, 813.0375pt x 468.75125pt>
File: project/images/router.jpg Graphic file (type jpg)
<use project/images/router.jpg>
Package pdftex.def Info: project/images/router.jpg  used on input line 91.
(pdftex.def)             Requested size: 243.91313pt x 140.62645pt.

LaTeX Warning: `h' float specifier changed to `ht'.


LaTeX Warning: The counter will not be printed.
             The label is: \space  on input line 96.

[10 <./project/images/L298N.jpg>]
<project/images/raspbian.png, id=393, 414.04688pt x 344.78813pt>
File: project/images/raspbian.png Graphic file (type png)
<use project/images/raspbian.png>
Package pdftex.def Info: project/images/raspbian.png  used on input line 103.
(pdftex.def)             Requested size: 124.21501pt x 103.43723pt.
 [11 <./project/images/lipo.png (PNG copy)>]

LaTeX Warning: The counter will not be printed.
             The label is: \space  on input line 108.

<project/images/python.png, id=403, 359.84438pt x 319.94531pt>
File: project/images/python.png Graphic file (type png)
<use project/images/python.png>
Package pdftex.def Info: project/images/python.png  used on input line 114.
(pdftex.def)             Requested size: 107.95413pt x 95.98433pt.

LaTeX Warning: The counter will not be printed.
             The label is: \space  on input line 119.

<project/images/flask.png, id=404, 412.54124pt x 309.40594pt>
File: project/images/flask.png Graphic file (type png)
<use project/images/flask.png>
Package pdftex.def Info: project/images/flask.png  used on input line 125.
(pdftex.def)             Requested size: 123.76332pt x 92.8225pt.
) (project/system-design.tex [12 <./project/images/router.jpg> <./project/image
s/raspbian.png>]
Chapter 4.
<project/images/bdweb.jpg, id=414, 866.23625pt x 494.84875pt>
File: project/images/bdweb.jpg Graphic file (type jpg)
<use project/images/bdweb.jpg>
Package pdftex.def Info: project/images/bdweb.jpg  used on input line 9.
(pdftex.def)             Requested size: 346.48836pt x 197.93599pt.
[13 <./project/images/python.png> <./project/images/flask.png>]
<project/images/bdrobot.png, id=425, 507.39563pt x 343.2825pt>
File: project/images/bdrobot.png Graphic file (type png)
<use project/images/bdrobot.png>
Package pdftex.def Info: project/images/bdrobot.png  used on input line 51.
(pdftex.def)             Requested size: 507.3944pt x 343.28165pt.

Overfull \hbox (25.51894pt too wide) in paragraph at lines 51--52
 [][] 
 []

[14

 <./project/images/bdweb.jpg>] [15] [16 <./project/images/bdrobot.png>]
<project/images/gix.png, id=451, 361.35pt x 343.2825pt>
File: project/images/gix.png Graphic file (type png)
<use project/images/gix.png>
Package pdftex.def Info: project/images/gix.png  used on input line 88.
(pdftex.def)             Requested size: 289.0804pt x 274.62636pt.
)
(project/implementation.tex [17]
Chapter 5.

Underfull \hbox (badness 10000) in paragraph at lines 4--7

 []

<project/images/robo1.jpg, id=469, 326.6604pt x 326.6604pt>
File: project/images/robo1.jpg Graphic file (type jpg)
<use project/images/robo1.jpg>
Package pdftex.def Info: project/images/robo1.jpg  used on input line 12.
(pdftex.def)             Requested size: 261.32866pt x 261.32866pt.

Underfull \hbox (badness 10000) in paragraph at lines 18--21

 []

[18 <./project/images/gix.png>]

LaTeX Warning: The counter will not be printed.
             The label is: \space  on input line 24.

<project/images/ckt.png, id=483, 591.85326pt x 368.19662pt>
File: project/images/ckt.png Graphic file (type png)
<use project/images/ckt.png>
Package pdftex.def Info: project/images/ckt.png  used on input line 34.
(pdftex.def)             Requested size: 355.11469pt x 220.91966pt.
) (project/results.tex [19

 <./project/images/robo1.jpg>]
Chapter 6.
<project/images/led.png, id=488, 453.19313pt x 305.64188pt>
File: project/images/led.png Graphic file (type png)
<use project/images/led.png>
Package pdftex.def Info: project/images/led.png  used on input line 6.
(pdftex.def)             Requested size: 362.555pt x 244.51381pt.
[20 <./project/images/ckt.png>]
<project/images/webpage.png, id=500, 524.71031pt x 326.72063pt>
File: project/images/webpage.png Graphic file (type png)
<use project/images/webpage.png>
Package pdftex.def Info: project/images/webpage.png  used on input line 14.
(pdftex.def)             Requested size: 419.7688pt x 261.37685pt.
) (project/conclusion.tex [21

 <./project/images/led.png>]
Chapter 7.

Underfull \hbox (badness 10000) in paragraph at lines 5--9

 []


Underfull \hbox (badness 10000) in paragraph at lines 21--25

 []

[22 <./project/images/webpage.png>]) (project/ref.tex [23

] [24]
Underfull \hbox (badness 10000) in paragraph at lines 23--25
[]$\OT1/pcr/m/n/14.4 https : / / learn . sparkfun . com / tutorials / raspberry
-[]gpio /
 []

) (project/review-process.tex [25

pdfTeX warning (ext4): destination with the same identifier (name{cite.random})
 has been already used, duplicate ignored

\pgfpages@shipoutshipoutbox ...physicalpagesizes }
                                                  \endgroup 
l.2 \chapter
            {Review Process}pdfTeX warning (ext4): destination with the same id
entifier (name{cite.random}) has been already used, duplicate ignored

\pgfpages@shipoutshipoutbox ...physicalpagesizes }
                                                  \endgroup 
l.2 \chapter
            {Review Process}pdfTeX warning (ext4): destination with the same id
entifier (name{cite.random}) has been already used, duplicate ignored

\pgfpages@shipoutshipoutbox ...physicalpagesizes }
                                                  \endgroup 
l.2 \chapter
            {Review Process}pdfTeX warning (ext4): destination with the same id
entifier (name{cite.random}) has been already used, duplicate ignored

\pgfpages@shipoutshipoutbox ...physicalpagesizes }
                                                  \endgroup 
l.2 \chapter
            {Review Process}pdfTeX warning (ext4): destination with the same id
entifier (name{cite.random}) has been already used, duplicate ignored

\pgfpages@shipoutshipoutbox ...physicalpagesizes }
                                                  \endgroup 
l.2 \chapter
            {Review Process}pdfTeX warning (ext4): destination with the same id
entifier (name{cite.random}) has been already used, duplicate ignored

\pgfpages@shipoutshipoutbox ...physicalpagesizes }
                                                  \endgroup 
l.2 \chapter
            {Review Process}pdfTeX warning (ext4): destination with the same id
entifier (name{cite.YouTube}) has been already used, duplicate ignored

\pgfpages@shipoutshipoutbox ...physicalpagesizes }
                                                  \endgroup 
l.2 \chapter
            {Review Process}]
Appendix A.

Underfull \hbox (badness 10000) in paragraph at lines 4--5

 []

[26pdfTeX warning (ext4): destination with the same identifier (name{cite.YouTu
be}) has been already used, duplicate ignored

\pgfpages@shipoutshipoutbox ...physicalpagesizes }
                                                  \endgroup 
l.29 \newpage
             pdfTeX warning (ext4): destination with the same identifier (name{
cite.YouTube}) has been already used, duplicate ignored

\pgfpages@shipoutshipoutbox ...physicalpagesizes }
                                                  \endgroup 
l.29 \newpage
             pdfTeX warning (ext4): destination with the same identifier (name{
cite.YouTube}) has been already used, duplicate ignored

\pgfpages@shipoutshipoutbox ...physicalpagesizes }
                                                  \endgroup 
l.29 \newpage
             pdfTeX warning (ext4): destination with the same identifier (name{
cite.YouTube}) has been already used, duplicate ignored

\pgfpages@shipoutshipoutbox ...physicalpagesizes }
                                                  \endgroup 
l.29 \newpage
             pdfTeX warning (ext4): destination with the same identifier (name{
cite.YouTube}) has been already used, duplicate ignored

\pgfpages@shipoutshipoutbox ...physicalpagesizes }
                                                  \endgroup 
l.29 \newpage
             pdfTeX warning (ext4): destination with the same identifier (name{
cite.YouTube}) has been already used, duplicate ignored

\pgfpages@shipoutshipoutbox ...physicalpagesizes }
                                                  \endgroup 
l.29 \newpage
             pdfTeX warning (ext4): destination with the same identifier (name{
cite.YouTube}) has been already used, duplicate ignored

\pgfpages@shipoutshipoutbox ...physicalpagesizes }
                                                  \endgroup 
l.29 \newpage
             pdfTeX warning (ext4): destination with the same identifier (name{
cite.YouTube}) has been already used, duplicate ignored

\pgfpages@shipoutshipoutbox ...physicalpagesizes }
                                                  \endgroup 
l.29 \newpage
             pdfTeX warning (ext4): destination with the same identifier (name{
cite.YouTube}) has been already used, duplicate ignored

\pgfpages@shipoutshipoutbox ...physicalpagesizes }
                                                  \endgroup 
l.29 \newpage
             pdfTeX warning (ext4): destination with the same identifier (name{
cite.YouTube}) has been already used, duplicate ignored

\pgfpages@shipoutshipoutbox ...physicalpagesizes }
                                                  \endgroup 
l.29 \newpage
             ]) (project/planning.tex [27

]
Appendix B.
<project/images/gchart.png, id=587, 829.9639pt x 266.25789pt>
File: project/images/gchart.png Graphic file (type png)
<use project/images/gchart.png>
Package pdftex.def Info: project/images/gchart.png  used on input line 5.
(pdftex.def)             Requested size: 497.98218pt x 159.75595pt.

Overfull \hbox (16.10672pt too wide) in paragraph at lines 5--6
[][] 
 []

) [28] [29

 <./project/images/gchart.png>]
Package atveryend Info: Empty hook `BeforeClearDocument' on input line 165.
Package atveryend Info: Empty hook `AfterLastShipout' on input line 165.
 (Group12_Report.aux)
Package atveryend Info: Executing hook `AtVeryEndDocument' on input line 165.
Package atveryend Info: Executing hook `AtEndAfterFileList' on input line 165.
Package rerunfilecheck Info: File `Group12_Report.out' has not changed.
(rerunfilecheck)             Checksum: 96AE4EEDA54C86C3659A2834FC0C04A4;2789.


LaTeX Warning: There were multiply-defined labels.

Package atveryend Info: Empty hook `AtVeryVeryEnd' on input line 165.
 ) 
Here is how much of TeX's memory you used:
 20986 strings out of 480900
 401002 string characters out of 2917038
 687637 words of memory out of 3000000
 36129 multiletter control sequences out of 15000+200000
 583907 words of font info for 129 fonts, out of 3000000 for 9000
 1141 hyphenation exceptions out of 8191
 52i,12n,56p,1337b,833s stack positions out of 5000i,500n,10000p,200000b,50000s
{D:/MIKTEX/fonts/enc/dvips/base/8r.enc}<D:/MIKTEX/fonts/type1/urw/courier/ucr
b8a.pfb><D:/MIKTEX/fonts/type1/urw/courier/ucrr8a.pfb><D:/MIKTEX/fonts/type1/ur
w/times/utmb8a.pfb><D:/MIKTEX/fonts/type1/urw/times/utmbi8a.pfb><D:/MIKTEX/font
s/type1/urw/times/utmr8a.pfb><D:/MIKTEX/fonts/type1/urw/times/utmr8a.pfb><D:/MI
KTEX/fonts/type1/urw/times/utmri8a.pfb>
Output written on Group12_Report.pdf (36 pages, 2262214 bytes).
PDF statistics:
 693 PDF objects out of 1000 (max. 8388607)
 247 named destinations out of 1000 (max. 500000)
 457 words of extra memory for PDF output out of 10000 (max. 10000000)

