\BOOKMARK [0][-]{chapter.1}{Introduction}{}% 1
\BOOKMARK [1][-]{section.1.1}{Objective}{chapter.1}% 2
\BOOKMARK [1][-]{section.1.2}{Problem statement}{chapter.1}% 3
\BOOKMARK [1][-]{section.1.3}{Problem Solution}{chapter.1}% 4
\BOOKMARK [0][-]{chapter.2}{Literature Survey}{}% 5
\BOOKMARK [1][-]{section.2.1}{Overview}{chapter.2}% 6
\BOOKMARK [1][-]{section.2.2}{Web Application Development}{chapter.2}% 7
\BOOKMARK [1][-]{section.2.3}{Remote Control of Robot}{chapter.2}% 8
\BOOKMARK [0][-]{chapter.3}{Hardware and Software Requirements Specification}{}% 9
\BOOKMARK [1][-]{section.3.1}{Hardware Specification}{chapter.3}% 10
\BOOKMARK [2][-]{subsection.3.1.1}{Raspberry Pi 4}{section.3.1}% 11
\BOOKMARK [2][-]{subsection.3.1.2}{Raspberry Pi Camera}{section.3.1}% 12
\BOOKMARK [2][-]{subsection.3.1.3}{BO DC Motor}{section.3.1}% 13
\BOOKMARK [2][-]{subsection.3.1.4}{L298N Motor Driver}{section.3.1}% 14
\BOOKMARK [2][-]{subsection.3.1.5}{Ultrasonic Sensor \(HC-SR04\)}{section.3.1}% 15
\BOOKMARK [2][-]{subsection.3.1.6}{LiPo Battery}{section.3.1}% 16
\BOOKMARK [2][-]{subsection.3.1.7}{Router\(Gateway\)}{section.3.1}% 17
\BOOKMARK [2][-]{subsection.3.1.8}{Solar Panel}{section.3.1}% 18
\BOOKMARK [1][-]{section.3.2}{Software Requirements}{chapter.3}% 19
\BOOKMARK [2][-]{subsection.3.2.1}{Raspbian}{section.3.2}% 20
\BOOKMARK [2][-]{subsection.3.2.2}{Python}{section.3.2}% 21
\BOOKMARK [2][-]{subsection.3.2.3}{Flask}{section.3.2}% 22
\BOOKMARK [0][-]{chapter.4}{System Design}{}% 23
\BOOKMARK [1][-]{section.4.1}{Overview}{chapter.4}% 24
\BOOKMARK [1][-]{section.4.2}{Designing the Web Application}{chapter.4}% 25
\BOOKMARK [1][-]{section.4.3}{Designing the remote controlled robot movement}{chapter.4}% 26
\BOOKMARK [1][-]{section.4.4}{TCP/IP Communication}{chapter.4}% 27
\BOOKMARK [1][-]{section.4.5}{Sensor Data API}{chapter.4}% 28
\BOOKMARK [1][-]{section.4.6}{Ultrasonic Sensor Circuit}{chapter.4}% 29
\BOOKMARK [1][-]{section.4.7}{Solar Charging}{chapter.4}% 30
\BOOKMARK [0][-]{chapter.5}{Implementation}{}% 31
\BOOKMARK [1][-]{section.5.1}{Implementation of Website}{chapter.5}% 32
\BOOKMARK [1][-]{section.5.2}{Implementation of Robot Movement}{chapter.5}% 33
\BOOKMARK [0][-]{chapter.6}{Result Analysis}{}% 34
\BOOKMARK [1][-]{section.6.1}{Robot Movement}{chapter.6}% 35
\BOOKMARK [1][-]{section.6.2}{Video Streaming}{chapter.6}% 36
\BOOKMARK [1][-]{section.6.3}{Sensor Data Acquisition}{chapter.6}% 37
\BOOKMARK [1][-]{section.6.4}{Solar Charging}{chapter.6}% 38
\BOOKMARK [0][-]{chapter.7}{Conclusion and Future Scope}{}% 39
\BOOKMARK [1][-]{section.7.1}{Conclusion}{chapter.7}% 40
\BOOKMARK [1][-]{section.7.2}{Future Scope}{chapter.7}% 41
\BOOKMARK [0][-]{Item.71}{References}{}% 42
\BOOKMARK [0][-]{appendix.A}{Review Process}{}% 43
\BOOKMARK [1][-]{section.A.1}{Phases of Review}{appendix.A}% 44
\BOOKMARK [0][-]{appendix.B}{Project Planning}{}% 45
\BOOKMARK [0][-]{appendix.C}{Work Division}{}% 46
\BOOKMARK [1][-]{section.C.1}{Work Done in 7th Semester}{appendix.C}% 47
\BOOKMARK [1][-]{section.C.2}{Work Done in 8th Semester}{appendix.C}% 48
\BOOKMARK [0][-]{appendix.D}{Links to Project files and Videos}{}% 49
